\BOOKMARK [0][-]{chapter.1}{\376\377\0001\000\040\000H\000i\000e\000r\000a\000r\000c\000h\000i\000c\000a\000l\000\040\000I\000n\000d\000e\000x}{}% 1
\BOOKMARK [1][-]{section.1.1}{\376\377\0001\000.\0001\000\040\000C\000l\000a\000s\000s\000\040\000H\000i\000e\000r\000a\000r\000c\000h\000y}{chapter.1}% 2
\BOOKMARK [0][-]{chapter.2}{\376\377\0002\000\040\000C\000l\000a\000s\000s\000\040\000I\000n\000d\000e\000x}{}% 3
\BOOKMARK [1][-]{section.2.1}{\376\377\0002\000.\0001\000\040\000C\000l\000a\000s\000s\000\040\000L\000i\000s\000t}{chapter.2}% 4
\BOOKMARK [0][-]{chapter.3}{\376\377\0003\000\040\000C\000l\000a\000s\000s\000\040\000D\000o\000c\000u\000m\000e\000n\000t\000a\000t\000i\000o\000n}{}% 5
\BOOKMARK [1][-]{section.3.1}{\376\377\0003\000.\0001\000\040\000A\000\040\000C\000l\000a\000s\000s\000\040\000R\000e\000f\000e\000r\000e\000n\000c\000e}{chapter.3}% 6
\BOOKMARK [1][-]{section.3.2}{\376\377\0003\000.\0002\000\040\000A\000d\000d\000r\000e\000s\000s\000\040\000C\000l\000a\000s\000s\000\040\000R\000e\000f\000e\000r\000e\000n\000c\000e}{chapter.3}% 7
\BOOKMARK [1][-]{section.3.3}{\376\377\0003\000.\0003\000\040\000A\000n\000g\000l\000e\000d\000M\000u\000l\000t\000i\000T\000e\000x\000t\000\040\000C\000l\000a\000s\000s\000\040\000R\000e\000f\000e\000r\000e\000n\000c\000e}{chapter.3}% 8
\BOOKMARK [1][-]{section.3.4}{\376\377\0003\000.\0004\000\040\000A\000u\000d\000i\000o\000P\000l\000a\000y\000e\000r\000\040\000C\000l\000a\000s\000s\000\040\000R\000e\000f\000e\000r\000e\000n\000c\000e}{chapter.3}% 9
\BOOKMARK [1][-]{section.3.5}{\376\377\0003\000.\0005\000\040\000A\000x\000i\000s\000W\000i\000d\000g\000e\000t\000\040\000C\000l\000a\000s\000s\000\040\000R\000e\000f\000e\000r\000e\000n\000c\000e}{chapter.3}% 10
\BOOKMARK [1][-]{section.3.6}{\376\377\0003\000.\0006\000\040\000B\000a\000d\000T\000y\000p\000e\000\040\000C\000l\000a\000s\000s\000\040\000R\000e\000f\000e\000r\000e\000n\000c\000e}{chapter.3}% 11
\BOOKMARK [2][-]{subsection.3.6.1}{\376\377\0003\000.\0006\000.\0001\000\040\000D\000e\000t\000a\000i\000l\000e\000d\000\040\000D\000e\000s\000c\000r\000i\000p\000t\000i\000o\000n}{section.3.6}% 12
\BOOKMARK [1][-]{section.3.7}{\376\377\0003\000.\0007\000\040\000B\000a\000r\000C\000h\000a\000r\000t\000W\000i\000d\000g\000e\000t\000\040\000C\000l\000a\000s\000s\000\040\000R\000e\000f\000e\000r\000e\000n\000c\000e}{chapter.3}% 13
\BOOKMARK [1][-]{section.3.8}{\376\377\0003\000.\0008\000\040\000B\000e\000n\000c\000h\000m\000a\000r\000k\000\040\000C\000l\000a\000s\000s\000\040\000R\000e\000f\000e\000r\000e\000n\000c\000e}{chapter.3}% 14
\BOOKMARK [1][-]{section.3.9}{\376\377\0003\000.\0009\000\040\000B\000e\000z\000i\000e\000r\000\040\000C\000l\000a\000s\000s\000\040\000R\000e\000f\000e\000r\000e\000n\000c\000e}{chapter.3}% 15
\BOOKMARK [1][-]{section.3.10}{\376\377\0003\000.\0001\0000\000\040\000B\000l\000o\000c\000k\000A\000l\000l\000o\000c\000a\000t\000o\000r\000<\000\040\000b\000l\000o\000c\000k\000S\000i\000z\000e\000\040\000>\000\040\000C\000l\000a\000s\000s\000\040\000T\000e\000m\000p\000l\000a\000t\000e\000\040\000R\000e\000f\000e\000r\000e\000n\000c\000e}{chapter.3}% 16
\BOOKMARK [1][-]{section.3.11}{\376\377\0003\000.\0001\0001\000\040\000B\000l\000o\000c\000k\000L\000o\000a\000d\000e\000r\000\040\000C\000l\000a\000s\000s\000\040\000R\000e\000f\000e\000r\000e\000n\000c\000e}{chapter.3}% 17
\BOOKMARK [1][-]{section.3.12}{\376\377\0003\000.\0001\0002\000\040\000B\000l\000o\000c\000k\000M\000a\000p\000L\000o\000a\000d\000e\000r\000:\000:\000B\000l\000o\000c\000k\000M\000a\000p\000H\000e\000a\000d\000e\000r\000\040\000S\000t\000r\000u\000c\000t\000\040\000R\000e\000f\000e\000r\000e\000n\000c\000e}{chapter.3}% 18
\BOOKMARK [1][-]{section.3.13}{\376\377\0003\000.\0001\0003\000\040\000B\000l\000o\000c\000k\000M\000a\000p\000L\000o\000a\000d\000e\000r\000\040\000C\000l\000a\000s\000s\000\040\000R\000e\000f\000e\000r\000e\000n\000c\000e}{chapter.3}% 19
\BOOKMARK [1][-]{section.3.14}{\376\377\0003\000.\0001\0004\000\040\000B\000o\000o\000l\000\040\000C\000l\000a\000s\000s\000\040\000R\000e\000f\000e\000r\000e\000n\000c\000e}{chapter.3}% 20
\BOOKMARK [1][-]{section.3.15}{\376\377\0003\000.\0001\0005\000\040\000B\000l\000o\000c\000k\000M\000a\000p\000L\000o\000a\000d\000e\000r\000:\000:\000B\000o\000u\000n\000d\000R\000e\000c\000t\000\040\000S\000t\000r\000u\000c\000t\000\040\000R\000e\000f\000e\000r\000e\000n\000c\000e}{chapter.3}% 21
\BOOKMARK [1][-]{section.3.16}{\376\377\0003\000.\0001\0006\000\040\000B\000o\000x\000C\000h\000a\000r\000t\000W\000i\000d\000g\000e\000t\000\040\000C\000l\000a\000s\000s\000\040\000R\000e\000f\000e\000r\000e\000n\000c\000e}{chapter.3}% 22
\BOOKMARK [1][-]{section.3.17}{\376\377\0003\000.\0001\0007\000\040\000B\000u\000f\000f\000e\000r\000\040\000C\000l\000a\000s\000s\000\040\000R\000e\000f\000e\000r\000e\000n\000c\000e}{chapter.3}% 23
\BOOKMARK [2][-]{subsection.3.17.1}{\376\377\0003\000.\0001\0007\000.\0001\000\040\000D\000e\000t\000a\000i\000l\000e\000d\000\040\000D\000e\000s\000c\000r\000i\000p\000t\000i\000o\000n}{section.3.17}% 24
\BOOKMARK [2][-]{subsection.3.17.2}{\376\377\0003\000.\0001\0007\000.\0002\000\040\000M\000e\000m\000b\000e\000r\000\040\000F\000u\000n\000c\000t\000i\000o\000n\000\040\000D\000o\000c\000u\000m\000e\000n\000t\000a\000t\000i\000o\000n}{section.3.17}% 25
\BOOKMARK [3][-]{subsubsection.3.17.2.1}{\376\377\0003\000.\0001\0007\000.\0002\000.\0001\000\040\000g\000e\000t\000N\000e\000x\000t\000T\000o\000k\000e\000n\000W\000i\000t\000h\000S\000p\000a\000c\000e\000\050\000\051}{subsection.3.17.2}% 26
\BOOKMARK [3][-]{subsubsection.3.17.2.2}{\376\377\0003\000.\0001\0007\000.\0002\000.\0002\000\040\000w\000r\000i\000t\000e\000\050\000\051\000\040\000[\0001\000/\0002\000]}{subsection.3.17.2}% 27
\BOOKMARK [3][-]{subsubsection.3.17.2.3}{\376\377\0003\000.\0001\0007\000.\0002\000.\0003\000\040\000w\000r\000i\000t\000e\000\050\000\051\000\040\000[\0002\000/\0002\000]}{subsection.3.17.2}% 28
\BOOKMARK [1][-]{section.3.18}{\376\377\0003\000.\0001\0008\000\040\000B\000u\000i\000l\000t\000i\000n\000T\000y\000p\000e\000\040\000C\000l\000a\000s\000s\000\040\000R\000e\000f\000e\000r\000e\000n\000c\000e}{chapter.3}% 29
\BOOKMARK [1][-]{section.3.19}{\376\377\0003\000.\0001\0009\000\040\000B\000u\000t\000t\000o\000n\000\040\000C\000l\000a\000s\000s\000\040\000R\000e\000f\000e\000r\000e\000n\000c\000e}{chapter.3}% 30
\BOOKMARK [1][-]{section.3.20}{\376\377\0003\000.\0002\0000\000\040\000B\000u\000t\000t\000o\000n\000W\000i\000d\000g\000e\000t\000\040\000C\000l\000a\000s\000s\000\040\000R\000e\000f\000e\000r\000e\000n\000c\000e}{chapter.3}% 31
\BOOKMARK [1][-]{section.3.21}{\376\377\0003\000.\0002\0001\000\040\000C\000a\000l\000e\000n\000d\000a\000r\000\040\000C\000l\000a\000s\000s\000\040\000R\000e\000f\000e\000r\000e\000n\000c\000e}{chapter.3}% 32
\BOOKMARK [1][-]{section.3.22}{\376\377\0003\000.\0002\0002\000\040\000C\000a\000m\000e\000r\000a\000\040\000C\000l\000a\000s\000s\000\040\000R\000e\000f\000e\000r\000e\000n\000c\000e}{chapter.3}% 33
\BOOKMARK [1][-]{section.3.23}{\376\377\0003\000.\0002\0003\000\040\000C\000a\000n\000d\000l\000e\000s\000t\000i\000c\000k\000C\000h\000a\000r\000t\000W\000i\000d\000g\000e\000t\000\040\000C\000l\000a\000s\000s\000\040\000R\000e\000f\000e\000r\000e\000n\000c\000e}{chapter.3}% 34
\BOOKMARK [1][-]{section.3.24}{\376\377\0003\000.\0002\0004\000\040\000C\000a\000n\000v\000a\000s\000\040\000C\000l\000a\000s\000s\000\040\000R\000e\000f\000e\000r\000e\000n\000c\000e}{chapter.3}% 35
\BOOKMARK [1][-]{section.3.25}{\376\377\0003\000.\0002\0005\000\040\000C\000i\000r\000c\000l\000e\000\040\000C\000l\000a\000s\000s\000\040\000R\000e\000f\000e\000r\000e\000n\000c\000e}{chapter.3}% 36
\BOOKMARK [1][-]{section.3.26}{\376\377\0003\000.\0002\0006\000\040\000C\000l\000i\000e\000n\000t\000<\000\040\000S\000o\000c\000k\000e\000t\000I\000m\000p\000l\000,\000\040\000P\000r\000o\000t\000o\000c\000o\000l\000I\000m\000p\000l\000\040\000>\000\040\000C\000l\000a\000s\000s\000\040\000T\000e\000m\000p\000l\000a\000t\000e\000\040\000R\000e\000f\000e\000r\000e\000n\000c\000e}{chapter.3}% 37
\BOOKMARK [2][-]{subsection.3.26.1}{\376\377\0003\000.\0002\0006\000.\0001\000\040\000M\000e\000m\000b\000e\000r\000\040\000F\000u\000n\000c\000t\000i\000o\000n\000\040\000D\000o\000c\000u\000m\000e\000n\000t\000a\000t\000i\000o\000n}{section.3.26}% 38
\BOOKMARK [3][-]{subsubsection.3.26.1.1}{\376\377\0003\000.\0002\0006\000.\0001\000.\0001\000\040\000w\000r\000i\000t\000e\000\050\000\051}{subsection.3.26.1}% 39
\BOOKMARK [1][-]{section.3.27}{\376\377\0003\000.\0002\0007\000\040\000C\000o\000l\000o\000r\000\040\000C\000l\000a\000s\000s\000\040\000R\000e\000f\000e\000r\000e\000n\000c\000e}{chapter.3}% 40
\BOOKMARK [1][-]{section.3.28}{\376\377\0003\000.\0002\0008\000\040\000C\000o\000l\000o\000r\000G\000r\000i\000d\000\040\000C\000l\000a\000s\000s\000\040\000R\000e\000f\000e\000r\000e\000n\000c\000e}{chapter.3}% 41
\BOOKMARK [1][-]{section.3.29}{\376\377\0003\000.\0002\0009\000\040\000C\000o\000m\000b\000i\000n\000e\000r\000\040\000C\000l\000a\000s\000s\000\040\000R\000e\000f\000e\000r\000e\000n\000c\000e}{chapter.3}% 42
\BOOKMARK [1][-]{section.3.30}{\376\377\0003\000.\0003\0000\000\040\000C\000o\000m\000p\000o\000u\000n\000d\000T\000y\000p\000e\000\040\000C\000l\000a\000s\000s\000\040\000R\000e\000f\000e\000r\000e\000n\000c\000e}{chapter.3}% 43
\BOOKMARK [1][-]{section.3.31}{\376\377\0003\000.\0003\0001\000\040\000C\000o\000n\000f\000i\000g\000\040\000C\000l\000a\000s\000s\000\040\000R\000e\000f\000e\000r\000e\000n\000c\000e}{chapter.3}% 44
\BOOKMARK [1][-]{section.3.32}{\376\377\0003\000.\0003\0002\000\040\000H\000a\000s\000h\000M\000a\000p\000<\000\040\000V\000a\000l\000\040\000>\000:\000:\000C\000o\000n\000s\000t\000I\000t\000e\000r\000a\000t\000o\000r\000\040\000C\000l\000a\000s\000s\000\040\000R\000e\000f\000e\000r\000e\000n\000c\000e}{chapter.3}% 45
\BOOKMARK [1][-]{section.3.33}{\376\377\0003\000.\0003\0003\000\040\000C\000o\000n\000t\000a\000c\000t\000I\000n\000f\000o\000\040\000C\000l\000a\000s\000s\000\040\000R\000e\000f\000e\000r\000e\000n\000c\000e}{chapter.3}% 46
\BOOKMARK [1][-]{section.3.34}{\376\377\0003\000.\0003\0004\000\040\000c\000s\000p\000\040\000C\000l\000a\000s\000s\000\040\000R\000e\000f\000e\000r\000e\000n\000c\000e}{chapter.3}% 47
\BOOKMARK [2][-]{subsection.3.34.1}{\376\377\0003\000.\0003\0004\000.\0001\000\040\000D\000e\000t\000a\000i\000l\000e\000d\000\040\000D\000e\000s\000c\000r\000i\000p\000t\000i\000o\000n}{section.3.34}% 48
\BOOKMARK [1][-]{section.3.35}{\376\377\0003\000.\0003\0005\000\040\000C\000S\000P\000C\000l\000i\000e\000n\000t\000\040\000C\000l\000a\000s\000s\000\040\000R\000e\000f\000e\000r\000e\000n\000c\000e}{chapter.3}% 49
\BOOKMARK [1][-]{section.3.36}{\376\377\0003\000.\0003\0006\000\040\000C\000S\000P\000C\000o\000n\000f\000i\000g\000\040\000C\000l\000a\000s\000s\000\040\000R\000e\000f\000e\000r\000e\000n\000c\000e}{chapter.3}% 50
\BOOKMARK [1][-]{section.3.37}{\376\377\0003\000.\0003\0007\000\040\000C\000S\000P\000R\000e\000q\000u\000e\000s\000t\000\040\000C\000l\000a\000s\000s\000\040\000R\000e\000f\000e\000r\000e\000n\000c\000e}{chapter.3}% 51
\BOOKMARK [1][-]{section.3.38}{\376\377\0003\000.\0003\0008\000\040\000C\000S\000P\000S\000e\000r\000v\000l\000e\000t\000\040\000C\000l\000a\000s\000s\000\040\000R\000e\000f\000e\000r\000e\000n\000c\000e}{chapter.3}% 52
\BOOKMARK [1][-]{section.3.39}{\376\377\0003\000.\0003\0009\000\040\000C\000S\000P\000T\000e\000s\000t\0001\000\040\000C\000l\000a\000s\000s\000\040\000R\000e\000f\000e\000r\000e\000n\000c\000e}{chapter.3}% 53
\BOOKMARK [1][-]{section.3.40}{\376\377\0003\000.\0004\0000\000\040\000C\000S\000P\000T\000e\000s\000t\0002\000\040\000C\000l\000a\000s\000s\000\040\000R\000e\000f\000e\000r\000e\000n\000c\000e}{chapter.3}% 54
\BOOKMARK [1][-]{section.3.41}{\376\377\0003\000.\0004\0001\000\040\000C\000S\000P\000T\000e\000s\000t\0003\000\040\000C\000l\000a\000s\000s\000\040\000R\000e\000f\000e\000r\000e\000n\000c\000e}{chapter.3}% 55
\BOOKMARK [1][-]{section.3.42}{\376\377\0003\000.\0004\0002\000\040\000C\000S\000P\000T\000e\000s\000t\0004\000\040\000C\000l\000a\000s\000s\000\040\000R\000e\000f\000e\000r\000e\000n\000c\000e}{chapter.3}% 56
\BOOKMARK [1][-]{section.3.43}{\376\377\0003\000.\0004\0003\000\040\000C\000S\000P\000T\000e\000s\000t\0005\000\040\000C\000l\000a\000s\000s\000\040\000R\000e\000f\000e\000r\000e\000n\000c\000e}{chapter.3}% 57
\BOOKMARK [1][-]{section.3.44}{\376\377\0003\000.\0004\0004\000\040\000C\000S\000P\000T\000e\000s\000t\0006\000\040\000C\000l\000a\000s\000s\000\040\000R\000e\000f\000e\000r\000e\000n\000c\000e}{chapter.3}% 58
\BOOKMARK [1][-]{section.3.45}{\376\377\0003\000.\0004\0005\000\040\000C\000S\000P\000T\000e\000s\000t\0007\000\040\000C\000l\000a\000s\000s\000\040\000R\000e\000f\000e\000r\000e\000n\000c\000e}{chapter.3}% 59
\BOOKMARK [1][-]{section.3.46}{\376\377\0003\000.\0004\0006\000\040\000C\000S\000R\000G\000r\000a\000p\000h\000<\000\040\000V\000e\000r\000t\000e\000x\000I\000n\000d\000e\000x\000\137\000t\000,\000\040\000E\000d\000g\000e\000I\000n\000d\000e\000x\000\137\000t\000,\000\040\000W\000e\000i\000g\000h\000t\000\137\000t\000\040\000>\000\040\000C\000l\000a\000s\000s\000\040\000T\000e\000m\000p\000l\000a\000t\000e\000\040\000R\000e\000f\000e\000r\000e\000n\000c\000e}{chapter.3}% 60
\BOOKMARK [1][-]{section.3.47}{\376\377\0003\000.\0004\0007\000\040\000C\000S\000t\000r\000i\000n\000g\000\040\000C\000l\000a\000s\000s\000\040\000R\000e\000f\000e\000r\000e\000n\000c\000e}{chapter.3}% 61
\BOOKMARK [1][-]{section.3.48}{\376\377\0003\000.\0004\0008\000\040\000C\000S\000V\000P\000a\000r\000s\000e\000r\000\040\000C\000l\000a\000s\000s\000\040\000R\000e\000f\000e\000r\000e\000n\000c\000e}{chapter.3}% 62
\BOOKMARK [1][-]{section.3.49}{\376\377\0003\000.\0004\0009\000\040\000C\000T\000i\000m\000e\000r\000\040\000C\000l\000a\000s\000s\000\040\000R\000e\000f\000e\000r\000e\000n\000c\000e}{chapter.3}% 63
\BOOKMARK [1][-]{section.3.50}{\376\377\0003\000.\0005\0000\000\040\000C\000u\000b\000i\000c\000F\000u\000n\000c\000\040\000C\000l\000a\000s\000s\000\040\000R\000e\000f\000e\000r\000e\000n\000c\000e}{chapter.3}% 64
\BOOKMARK [1][-]{section.3.51}{\376\377\0003\000.\0005\0001\000\040\000C\000u\000r\000s\000o\000r\000\040\000C\000l\000a\000s\000s\000\040\000R\000e\000f\000e\000r\000e\000n\000c\000e}{chapter.3}% 65
\BOOKMARK [1][-]{section.3.52}{\376\377\0003\000.\0005\0002\000\040\000D\000a\000t\000e\000\040\000C\000l\000a\000s\000s\000\040\000R\000e\000f\000e\000r\000e\000n\000c\000e}{chapter.3}% 66
\BOOKMARK [1][-]{section.3.53}{\376\377\0003\000.\0005\0003\000\040\000D\000e\000c\000o\000m\000p\000r\000e\000s\000s\000o\000r\000\040\000C\000l\000a\000s\000s\000\040\000R\000e\000f\000e\000r\000e\000n\000c\000e}{chapter.3}% 67
\BOOKMARK [1][-]{section.3.54}{\376\377\0003\000.\0005\0004\000\040\000D\000o\000c\000u\000m\000e\000n\000t\000\040\000C\000l\000a\000s\000s\000\040\000R\000e\000f\000e\000r\000e\000n\000c\000e}{chapter.3}% 68
\BOOKMARK [1][-]{section.3.55}{\376\377\0003\000.\0005\0005\000\040\000D\000o\000c\000V\000i\000e\000w\000\040\000C\000l\000a\000s\000s\000\040\000R\000e\000f\000e\000r\000e\000n\000c\000e}{chapter.3}% 69
\BOOKMARK [1][-]{section.3.56}{\376\377\0003\000.\0005\0006\000\040\000D\000y\000n\000A\000r\000r\000a\000y\000<\000\040\000T\000\040\000>\000\040\000C\000l\000a\000s\000s\000\040\000T\000e\000m\000p\000l\000a\000t\000e\000\040\000R\000e\000f\000e\000r\000e\000n\000c\000e}{chapter.3}% 70
\BOOKMARK [1][-]{section.3.57}{\376\377\0003\000.\0005\0007\000\040\000E\000l\000l\000i\000p\000s\000e\000\040\000C\000l\000a\000s\000s\000\040\000R\000e\000f\000e\000r\000e\000n\000c\000e}{chapter.3}% 71
\BOOKMARK [1][-]{section.3.58}{\376\377\0003\000.\0005\0008\000\040\000E\000m\000a\000i\000l\000\040\000C\000l\000a\000s\000s\000\040\000R\000e\000f\000e\000r\000e\000n\000c\000e}{chapter.3}% 72
\BOOKMARK [1][-]{section.3.59}{\376\377\0003\000.\0005\0009\000\040\000E\000S\000R\000I\000P\000o\000i\000n\000t\000\040\000C\000l\000a\000s\000s\000\040\000R\000e\000f\000e\000r\000e\000n\000c\000e}{chapter.3}% 73
\BOOKMARK [1][-]{section.3.60}{\376\377\0003\000.\0006\0000\000\040\000E\000S\000R\000I\000P\000o\000l\000y\000g\000o\000n\000\040\000C\000l\000a\000s\000s\000\040\000R\000e\000f\000e\000r\000e\000n\000c\000e}{chapter.3}% 74
\BOOKMARK [1][-]{section.3.61}{\376\377\0003\000.\0006\0001\000\040\000E\000S\000R\000I\000S\000h\000a\000p\000e\000\040\000C\000l\000a\000s\000s\000\040\000R\000e\000f\000e\000r\000e\000n\000c\000e}{chapter.3}% 75
\BOOKMARK [1][-]{section.3.62}{\376\377\0003\000.\0006\0002\000\040\000E\000x\000\040\000C\000l\000a\000s\000s\000\040\000R\000e\000f\000e\000r\000e\000n\000c\000e}{chapter.3}% 76
\BOOKMARK [1][-]{section.3.63}{\376\377\0003\000.\0006\0003\000\040\000F\0003\0002\000\040\000C\000l\000a\000s\000s\000\040\000R\000e\000f\000e\000r\000e\000n\000c\000e}{chapter.3}% 77
\BOOKMARK [1][-]{section.3.64}{\376\377\0003\000.\0006\0004\000\040\000F\0006\0004\000\040\000C\000l\000a\000s\000s\000\040\000R\000e\000f\000e\000r\000e\000n\000c\000e}{chapter.3}% 78
\BOOKMARK [1][-]{section.3.65}{\376\377\0003\000.\0006\0005\000\040\000F\0006\0004\000R\000e\000n\000d\000e\000r\000e\000r\000\040\000C\000l\000a\000s\000s\000\040\000R\000e\000f\000e\000r\000e\000n\000c\000e}{chapter.3}% 79
\BOOKMARK [1][-]{section.3.66}{\376\377\0003\000.\0006\0006\000\040\000F\000a\000s\000t\000F\000o\000n\000t\000H\000e\000a\000d\000e\000r\000\040\000S\000t\000r\000u\000c\000t\000\040\000R\000e\000f\000e\000r\000e\000n\000c\000e}{chapter.3}% 80
\BOOKMARK [1][-]{section.3.67}{\376\377\0003\000.\0006\0007\000\040\000F\000a\000t\000a\000l\000E\000x\000\040\000C\000l\000a\000s\000s\000\040\000R\000e\000f\000e\000r\000e\000n\000c\000e}{chapter.3}% 81
\BOOKMARK [1][-]{section.3.68}{\376\377\0003\000.\0006\0008\000\040\000F\000i\000l\000e\000U\000t\000i\000l\000\040\000C\000l\000a\000s\000s\000\040\000R\000e\000f\000e\000r\000e\000n\000c\000e}{chapter.3}% 82
\BOOKMARK [2][-]{subsection.3.68.1}{\376\377\0003\000.\0006\0008\000.\0001\000\040\000M\000e\000m\000b\000e\000r\000\040\000F\000u\000n\000c\000t\000i\000o\000n\000\040\000D\000o\000c\000u\000m\000e\000n\000t\000a\000t\000i\000o\000n}{section.3.68}% 83
\BOOKMARK [3][-]{subsubsection.3.68.1.1}{\376\377\0003\000.\0006\0008\000.\0001\000.\0001\000\040\000b\000u\000i\000l\000d\000M\000a\000p\000N\000a\000m\000e\000T\000o\000F\000i\000l\000e\000\050\000\051}{subsection.3.68.1}% 84
\BOOKMARK [1][-]{section.3.69}{\376\377\0003\000.\0006\0009\000\040\000F\000o\000n\000t\000\040\000C\000l\000a\000s\000s\000\040\000R\000e\000f\000e\000r\000e\000n\000c\000e}{chapter.3}% 85
\BOOKMARK [2][-]{subsection.3.69.1}{\376\377\0003\000.\0006\0009\000.\0001\000\040\000M\000e\000m\000b\000e\000r\000\040\000F\000u\000n\000c\000t\000i\000o\000n\000\040\000D\000o\000c\000u\000m\000e\000n\000t\000a\000t\000i\000o\000n}{section.3.69}% 86
\BOOKMARK [3][-]{subsubsection.3.69.1.1}{\376\377\0003\000.\0006\0009\000.\0001\000.\0001\000\040\000a\000d\000d\000G\000l\000y\000p\000h\000\050\000\051}{subsection.3.69.1}% 87
\BOOKMARK [1][-]{section.3.70}{\376\377\0003\000.\0007\0000\000\040\000F\000o\000n\000t\000F\000a\000c\000e\000\040\000C\000l\000a\000s\000s\000\040\000R\000e\000f\000e\000r\000e\000n\000c\000e}{chapter.3}% 88
\BOOKMARK [1][-]{section.3.71}{\376\377\0003\000.\0007\0001\000\040\000A\000x\000i\000s\000W\000i\000d\000g\000e\000t\000:\000:\000F\000o\000r\000m\000a\000t\000\040\000S\000t\000r\000u\000c\000t\000\040\000R\000e\000f\000e\000r\000e\000n\000c\000e}{chapter.3}% 89
\BOOKMARK [1][-]{section.3.72}{\376\377\0003\000.\0007\0002\000\040\000F\000o\000r\000m\000S\000e\000r\000v\000l\000e\000t\000\040\000C\000l\000a\000s\000s\000\040\000R\000e\000f\000e\000r\000e\000n\000c\000e}{chapter.3}% 90
\BOOKMARK [1][-]{section.3.73}{\376\377\0003\000.\0007\0003\000\040\000G\000a\000p\000M\000i\000n\000d\000e\000r\000W\000i\000d\000g\000e\000t\000\040\000C\000l\000a\000s\000s\000\040\000R\000e\000f\000e\000r\000e\000n\000c\000e}{chapter.3}% 91
\BOOKMARK [1][-]{section.3.74}{\376\377\0003\000.\0007\0004\000\040\000B\000l\000o\000c\000k\000L\000o\000a\000d\000e\000r\000:\000:\000G\000e\000n\000e\000r\000a\000l\000H\000e\000a\000d\000e\000r\000\040\000S\000t\000r\000u\000c\000t\000\040\000R\000e\000f\000e\000r\000e\000n\000c\000e}{chapter.3}% 92
\BOOKMARK [1][-]{section.3.75}{\376\377\0003\000.\0007\0005\000\040\000G\000e\000n\000e\000r\000i\000c\000L\000i\000s\000t\000\040\000C\000l\000a\000s\000s\000\040\000R\000e\000f\000e\000r\000e\000n\000c\000e}{chapter.3}% 93
\BOOKMARK [1][-]{section.3.76}{\376\377\0003\000.\0007\0006\000\040\000G\000L\000W\000i\000n\000\040\000C\000l\000a\000s\000s\000\040\000R\000e\000f\000e\000r\000e\000n\000c\000e}{chapter.3}% 94
\BOOKMARK [1][-]{section.3.77}{\376\377\0003\000.\0007\0007\000\040\000F\000o\000n\000t\000:\000:\000G\000l\000y\000p\000h\000\040\000C\000l\000a\000s\000s\000\040\000R\000e\000f\000e\000r\000e\000n\000c\000e}{chapter.3}% 95
\BOOKMARK [1][-]{section.3.78}{\376\377\0003\000.\0007\0008\000\040\000G\000r\000a\000p\000h\000\040\000C\000l\000a\000s\000s\000\040\000R\000e\000f\000e\000r\000e\000n\000c\000e}{chapter.3}% 96
\BOOKMARK [1][-]{section.3.79}{\376\377\0003\000.\0007\0009\000\040\000G\000r\000a\000p\000h\000V\000i\000e\000w\000\040\000C\000l\000a\000s\000s\000\040\000R\000e\000f\000e\000r\000e\000n\000c\000e}{chapter.3}% 97
\BOOKMARK [1][-]{section.3.80}{\376\377\0003\000.\0008\0000\000\040\000G\000r\000a\000p\000h\000W\000i\000d\000g\000e\000t\000\040\000C\000l\000a\000s\000s\000\040\000R\000e\000f\000e\000r\000e\000n\000c\000e}{chapter.3}% 98
\BOOKMARK [1][-]{section.3.81}{\376\377\0003\000.\0008\0001\000\040\000H\000a\000s\000h\000\040\000C\000l\000a\000s\000s\000\040\000R\000e\000f\000e\000r\000e\000n\000c\000e}{chapter.3}% 99
\BOOKMARK [1][-]{section.3.82}{\376\377\0003\000.\0008\0002\000\040\000H\000a\000s\000h\000M\000a\000p\000<\000\040\000V\000a\000l\000\040\000>\000\040\000C\000l\000a\000s\000s\000\040\000T\000e\000m\000p\000l\000a\000t\000e\000\040\000R\000e\000f\000e\000r\000e\000n\000c\000e}{chapter.3}% 100
\BOOKMARK [1][-]{section.3.83}{\376\377\0003\000.\0008\0003\000\040\000H\000a\000s\000h\000M\000a\000p\000B\000a\000s\000e\000\040\000C\000l\000a\000s\000s\000\040\000R\000e\000f\000e\000r\000e\000n\000c\000e}{chapter.3}% 101
\BOOKMARK [1][-]{section.3.84}{\376\377\0003\000.\0008\0004\000\040\000H\000e\000a\000t\000M\000a\000p\000\040\000C\000l\000a\000s\000s\000\040\000R\000e\000f\000e\000r\000e\000n\000c\000e}{chapter.3}% 102
\BOOKMARK [1][-]{section.3.85}{\376\377\0003\000.\0008\0005\000\040\000H\000T\000T\000P\000R\000e\000q\000u\000e\000s\000t\000\040\000C\000l\000a\000s\000s\000\040\000R\000e\000f\000e\000r\000e\000n\000c\000e}{chapter.3}% 103
\BOOKMARK [1][-]{section.3.86}{\376\377\0003\000.\0008\0006\000\040\000H\000t\000t\000p\000S\000e\000r\000v\000l\000e\000t\000\040\000C\000l\000a\000s\000s\000\040\000R\000e\000f\000e\000r\000e\000n\000c\000e}{chapter.3}% 104
\BOOKMARK [1][-]{section.3.87}{\376\377\0003\000.\0008\0007\000\040\000I\0001\0002\0008\000\040\000C\000l\000a\000s\000s\000\040\000R\000e\000f\000e\000r\000e\000n\000c\000e}{chapter.3}% 105
\BOOKMARK [1][-]{section.3.88}{\376\377\0003\000.\0008\0008\000\040\000I\0001\0006\000\040\000C\000l\000a\000s\000s\000\040\000R\000e\000f\000e\000r\000e\000n\000c\000e}{chapter.3}% 106
\BOOKMARK [1][-]{section.3.89}{\376\377\0003\000.\0008\0009\000\040\000I\0002\0004\000\040\000C\000l\000a\000s\000s\000\040\000R\000e\000f\000e\000r\000e\000n\000c\000e}{chapter.3}% 107
\BOOKMARK [1][-]{section.3.90}{\376\377\0003\000.\0009\0000\000\040\000I\0002\0005\0006\000\040\000C\000l\000a\000s\000s\000\040\000R\000e\000f\000e\000r\000e\000n\000c\000e}{chapter.3}% 108
\BOOKMARK [1][-]{section.3.91}{\376\377\0003\000.\0009\0001\000\040\000I\0003\0002\000\040\000C\000l\000a\000s\000s\000\040\000R\000e\000f\000e\000r\000e\000n\000c\000e}{chapter.3}% 109
\BOOKMARK [1][-]{section.3.92}{\376\377\0003\000.\0009\0002\000\040\000I\0006\0004\000\040\000C\000l\000a\000s\000s\000\040\000R\000e\000f\000e\000r\000e\000n\000c\000e}{chapter.3}% 110
\BOOKMARK [1][-]{section.3.93}{\376\377\0003\000.\0009\0003\000\040\000I\0008\000\040\000C\000l\000a\000s\000s\000\040\000R\000e\000f\000e\000r\000e\000n\000c\000e}{chapter.3}% 111
\BOOKMARK [1][-]{section.3.94}{\376\377\0003\000.\0009\0004\000\040\000I\000m\000a\000g\000e\000\040\000C\000l\000a\000s\000s\000\040\000R\000e\000f\000e\000r\000e\000n\000c\000e}{chapter.3}% 112
\BOOKMARK [1][-]{section.3.95}{\376\377\0003\000.\0009\0005\000\040\000B\000l\000o\000c\000k\000L\000o\000a\000d\000e\000r\000:\000:\000I\000n\000f\000o\000\040\000S\000t\000r\000u\000c\000t\000\040\000R\000e\000f\000e\000r\000e\000n\000c\000e}{chapter.3}% 113
\BOOKMARK [1][-]{section.3.96}{\376\377\0003\000.\0009\0006\000\040\000I\000n\000p\000u\000t\000E\000v\000e\000n\000t\000\040\000C\000l\000a\000s\000s\000\040\000R\000e\000f\000e\000r\000e\000n\000c\000e}{chapter.3}% 114
\BOOKMARK [1][-]{section.3.97}{\376\377\0003\000.\0009\0007\000\040\000I\000n\000s\000e\000r\000t\000i\000o\000n\000\040\000C\000l\000a\000s\000s\000\040\000R\000e\000f\000e\000r\000e\000n\000c\000e}{chapter.3}% 115
\BOOKMARK [1][-]{section.3.98}{\376\377\0003\000.\0009\0008\000\040\000I\000n\000t\000e\000r\000p\000r\000e\000t\000C\000S\000P\000S\000t\000r\000e\000a\000m\000\040\000C\000l\000a\000s\000s\000\040\000R\000e\000f\000e\000r\000e\000n\000c\000e}{chapter.3}% 116
\BOOKMARK [1][-]{section.3.99}{\376\377\0003\000.\0009\0009\000\040\000I\000P\000V\0004\000S\000o\000c\000k\000e\000t\000\040\000C\000l\000a\000s\000s\000\040\000R\000e\000f\000e\000r\000e\000n\000c\000e}{chapter.3}% 117
\BOOKMARK [1][-]{section.3.100}{\376\377\0003\000.\0001\0000\0000\000\040\000H\000a\000s\000h\000M\000a\000p\000<\000\040\000V\000a\000l\000\040\000>\000:\000:\000I\000t\000e\000r\000a\000t\000o\000r\000\040\000C\000l\000a\000s\000s\000\040\000R\000e\000f\000e\000r\000e\000n\000c\000e}{chapter.3}% 118
\BOOKMARK [1][-]{section.3.101}{\376\377\0003\000.\0001\0000\0001\000\040\000J\000u\000l\000i\000a\000n\000D\000a\000t\000e\000\040\000C\000l\000a\000s\000s\000\040\000R\000e\000f\000e\000r\000e\000n\000c\000e}{chapter.3}% 119
\BOOKMARK [2][-]{subsection.3.101.1}{\376\377\0003\000.\0001\0000\0001\000.\0001\000\040\000M\000e\000m\000b\000e\000r\000\040\000D\000a\000t\000a\000\040\000D\000o\000c\000u\000m\000e\000n\000t\000a\000t\000i\000o\000n}{section.3.101}% 120
\BOOKMARK [3][-]{subsubsection.3.101.1.1}{\376\377\0003\000.\0001\0000\0001\000.\0001\000.\0001\000\040\000d\000a\000y\000s\000I\000n\000M\000o\000n\000t\000h}{subsection.3.101.1}% 121
\BOOKMARK [3][-]{subsubsection.3.101.1.2}{\376\377\0003\000.\0001\0000\0001\000.\0001\000.\0002\000\040\000d\000a\000y\000s\000U\000p\000T\000o}{subsection.3.101.1}% 122
\BOOKMARK [3][-]{subsubsection.3.101.1.3}{\376\377\0003\000.\0001\0000\0001\000.\0001\000.\0003\000\040\000m\000o\000n\000t\000h\000A\000b\000b\000r}{subsection.3.101.1}% 123
\BOOKMARK [3][-]{subsubsection.3.101.1.4}{\376\377\0003\000.\0001\0000\0001\000.\0001\000.\0004\000\040\000m\000o\000n\000t\000h\000N\000a\000m\000e\000s}{subsection.3.101.1}% 124
\BOOKMARK [1][-]{section.3.102}{\376\377\0003\000.\0001\0000\0002\000\040\000L\000i\000n\000e\000\040\000C\000l\000a\000s\000s\000\040\000R\000e\000f\000e\000r\000e\000n\000c\000e}{chapter.3}% 125
\BOOKMARK [1][-]{section.3.103}{\376\377\0003\000.\0001\0000\0003\000\040\000L\000i\000n\000e\000a\000r\000A\000x\000i\000s\000W\000i\000d\000g\000e\000t\000\040\000C\000l\000a\000s\000s\000\040\000R\000e\000f\000e\000r\000e\000n\000c\000e}{chapter.3}% 126
\BOOKMARK [1][-]{section.3.104}{\376\377\0003\000.\0001\0000\0004\000\040\000L\000i\000n\000e\000a\000r\000S\000c\000a\000l\000e\000\040\000C\000l\000a\000s\000s\000\040\000R\000e\000f\000e\000r\000e\000n\000c\000e}{chapter.3}% 127
\BOOKMARK [1][-]{section.3.105}{\376\377\0003\000.\0001\0000\0005\000\040\000L\000i\000n\000e\000G\000r\000a\000p\000h\000W\000i\000d\000g\000e\000t\000\040\000C\000l\000a\000s\000s\000\040\000R\000e\000f\000e\000r\000e\000n\000c\000e}{chapter.3}% 128
\BOOKMARK [1][-]{section.3.106}{\376\377\0003\000.\0001\0000\0006\000\040\000L\000i\000s\000t\000<\000\040\000T\000\040\000>\000\040\000C\000l\000a\000s\000s\000\040\000T\000e\000m\000p\000l\000a\000t\000e\000\040\000R\000e\000f\000e\000r\000e\000n\000c\000e}{chapter.3}% 129
\BOOKMARK [1][-]{section.3.107}{\376\377\0003\000.\0001\0000\0007\000\040\000L\000i\000s\000t\0001\000<\000\040\000T\000\040\000>\000\040\000C\000l\000a\000s\000s\000\040\000T\000e\000m\000p\000l\000a\000t\000e\000\040\000R\000e\000f\000e\000r\000e\000n\000c\000e}{chapter.3}% 130
\BOOKMARK [1][-]{section.3.108}{\376\377\0003\000.\0001\0000\0008\000\040\000L\000i\000s\000t\0002\000\040\000C\000l\000a\000s\000s\000\040\000R\000e\000f\000e\000r\000e\000n\000c\000e}{chapter.3}% 131
\BOOKMARK [1][-]{section.3.109}{\376\377\0003\000.\0001\0000\0009\000\040\000L\000o\000g\000\040\000C\000l\000a\000s\000s\000\040\000R\000e\000f\000e\000r\000e\000n\000c\000e}{chapter.3}% 132
\BOOKMARK [1][-]{section.3.110}{\376\377\0003\000.\0001\0001\0000\000\040\000L\000o\000g\000A\000x\000i\000s\000W\000i\000d\000g\000e\000t\000\040\000C\000l\000a\000s\000s\000\040\000R\000e\000f\000e\000r\000e\000n\000c\000e}{chapter.3}% 133
\BOOKMARK [1][-]{section.3.111}{\376\377\0003\000.\0001\0001\0001\000\040\000L\000o\000g\000R\000e\000a\000d\000e\000r\000\040\000C\000l\000a\000s\000s\000\040\000R\000e\000f\000e\000r\000e\000n\000c\000e}{chapter.3}% 134
\BOOKMARK [2][-]{subsection.3.111.1}{\376\377\0003\000.\0001\0001\0001\000.\0001\000\040\000D\000e\000t\000a\000i\000l\000e\000d\000\040\000D\000e\000s\000c\000r\000i\000p\000t\000i\000o\000n}{section.3.111}% 135
\BOOKMARK [1][-]{section.3.112}{\376\377\0003\000.\0001\0001\0002\000\040\000L\000o\000g\000S\000c\000a\000l\000e\000\040\000C\000l\000a\000s\000s\000\040\000R\000e\000f\000e\000r\000e\000n\000c\000e}{chapter.3}% 136
\BOOKMARK [1][-]{section.3.113}{\376\377\0003\000.\0001\0001\0003\000\040\000M\000a\000i\000n\000C\000a\000n\000v\000a\000s\000\040\000C\000l\000a\000s\000s\000\040\000R\000e\000f\000e\000r\000e\000n\000c\000e}{chapter.3}% 137
\BOOKMARK [1][-]{section.3.114}{\376\377\0003\000.\0001\0001\0004\000\040\000M\000a\000p\000V\000i\000e\000w\0002\000D\000\040\000C\000l\000a\000s\000s\000\040\000R\000e\000f\000e\000r\000e\000n\000c\000e}{chapter.3}% 138
\BOOKMARK [1][-]{section.3.115}{\376\377\0003\000.\0001\0001\0005\000\040\000M\000a\000t\000r\000i\000x\000G\000r\000a\000p\000h\000\040\000C\000l\000a\000s\000s\000\040\000R\000e\000f\000e\000r\000e\000n\000c\000e}{chapter.3}% 139
\BOOKMARK [1][-]{section.3.116}{\376\377\0003\000.\0001\0001\0006\000\040\000S\000t\000r\000u\000c\000t\000:\000:\000M\000e\000m\000b\000e\000r\000\040\000C\000l\000a\000s\000s\000\040\000R\000e\000f\000e\000r\000e\000n\000c\000e}{chapter.3}% 140
\BOOKMARK [1][-]{section.3.117}{\376\377\0003\000.\0001\0001\0007\000\040\000M\000u\000l\000t\000i\000S\000h\000a\000p\000e\000\040\000C\000l\000a\000s\000s\000\040\000R\000e\000f\000e\000r\000e\000n\000c\000e}{chapter.3}% 141
\BOOKMARK [1][-]{section.3.118}{\376\377\0003\000.\0001\0001\0008\000\040\000M\000u\000l\000t\000i\000S\000h\000a\000p\000e\0002\000D\000\040\000C\000l\000a\000s\000s\000\040\000R\000e\000f\000e\000r\000e\000n\000c\000e}{chapter.3}% 142
\BOOKMARK [1][-]{section.3.119}{\376\377\0003\000.\0001\0001\0009\000\040\000M\000u\000l\000t\000i\000S\000h\000a\000p\000e\0003\000D\000\040\000C\000l\000a\000s\000s\000\040\000R\000e\000f\000e\000r\000e\000n\000c\000e}{chapter.3}% 143
\BOOKMARK [1][-]{section.3.120}{\376\377\0003\000.\0001\0002\0000\000\040\000M\000u\000l\000t\000i\000T\000e\000x\000t\000\040\000C\000l\000a\000s\000s\000\040\000R\000e\000f\000e\000r\000e\000n\000c\000e}{chapter.3}% 144
\BOOKMARK [1][-]{section.3.121}{\376\377\0003\000.\0001\0002\0001\000\040\000M\000u\000l\000t\000i\000T\000h\000r\000e\000a\000d\000H\000t\000t\000p\000R\000e\000q\000u\000e\000s\000t\000\040\000C\000l\000a\000s\000s\000\040\000R\000e\000f\000e\000r\000e\000n\000c\000e}{chapter.3}% 145
\BOOKMARK [1][-]{section.3.122}{\376\377\0003\000.\0001\0002\0002\000\040\000M\000u\000l\000t\000i\000T\000r\000a\000n\000s\000f\000o\000r\000m\000\040\000C\000l\000a\000s\000s\000\040\000R\000e\000f\000e\000r\000e\000n\000c\000e}{chapter.3}% 146
\BOOKMARK [1][-]{section.3.123}{\376\377\0003\000.\0001\0002\0003\000\040\000B\000l\000o\000c\000k\000M\000a\000p\000L\000o\000a\000d\000e\000r\000:\000:\000N\000a\000m\000e\000d\000E\000n\000t\000i\000t\000i\000e\000s\000\040\000S\000t\000r\000u\000c\000t\000\040\000R\000e\000f\000e\000r\000e\000n\000c\000e}{chapter.3}% 147
\BOOKMARK [1][-]{section.3.124}{\376\377\0003\000.\0001\0002\0004\000\040\000B\000l\000o\000c\000k\000M\000a\000p\000L\000o\000a\000d\000e\000r\000:\000:\000N\000a\000m\000e\000d\000E\000n\000t\000r\000y\000\040\000S\000t\000r\000u\000c\000t\000\040\000R\000e\000f\000e\000r\000e\000n\000c\000e}{chapter.3}% 148
\BOOKMARK [1][-]{section.3.125}{\376\377\0003\000.\0001\0002\0005\000\040\000N\000u\000l\000l\000G\000r\000a\000p\000h\000O\000b\000s\000e\000r\000v\000e\000r\000\040\000C\000l\000a\000s\000s\000\040\000R\000e\000f\000e\000r\000e\000n\000c\000e}{chapter.3}% 149
\BOOKMARK [1][-]{section.3.126}{\376\377\0003\000.\0001\0002\0006\000\040\000O\000b\000j\000e\000c\000t\000H\000o\000r\000i\000z\000o\000n\000t\000a\000l\000R\000e\000n\000d\000e\000r\000e\000r\000\040\000C\000l\000a\000s\000s\000\040\000R\000e\000f\000e\000r\000e\000n\000c\000e}{chapter.3}% 150
\BOOKMARK [1][-]{section.3.127}{\376\377\0003\000.\0001\0002\0007\000\040\000O\000b\000j\000e\000c\000t\000N\000a\000m\000e\000V\000a\000l\000u\000e\000R\000e\000n\000d\000e\000r\000e\000r\000\040\000C\000l\000a\000s\000s\000\040\000R\000e\000f\000e\000r\000e\000n\000c\000e}{chapter.3}% 151
\BOOKMARK [1][-]{section.3.128}{\376\377\0003\000.\0001\0002\0008\000\040\000P\000a\000g\000e\000\040\000C\000l\000a\000s\000s\000\040\000R\000e\000f\000e\000r\000e\000n\000c\000e}{chapter.3}% 152
\BOOKMARK [1][-]{section.3.129}{\376\377\0003\000.\0001\0002\0009\000\040\000p\000a\000g\000e\000B\000u\000f\000f\000e\000r\000\040\000C\000l\000a\000s\000s\000\040\000R\000e\000f\000e\000r\000e\000n\000c\000e}{chapter.3}% 153
\BOOKMARK [1][-]{section.3.130}{\376\377\0003\000.\0001\0003\0000\000\040\000P\000a\000g\000e\000L\000a\000y\000o\000u\000t\000\040\000C\000l\000a\000s\000s\000\040\000R\000e\000f\000e\000r\000e\000n\000c\000e}{chapter.3}% 154
\BOOKMARK [1][-]{section.3.131}{\376\377\0003\000.\0001\0003\0001\000\040\000P\000a\000g\000e\000T\000e\000x\000t\000\040\000C\000l\000a\000s\000s\000\040\000R\000e\000f\000e\000r\000e\000n\000c\000e}{chapter.3}% 155
\BOOKMARK [1][-]{section.3.132}{\376\377\0003\000.\0001\0003\0002\000\040\000P\000h\000o\000n\000e\000\040\000C\000l\000a\000s\000s\000\040\000R\000e\000f\000e\000r\000e\000n\000c\000e}{chapter.3}% 156
\BOOKMARK [1][-]{section.3.133}{\376\377\0003\000.\0001\0003\0003\000\040\000P\000o\000i\000n\000t\000\040\000C\000l\000a\000s\000s\000\040\000R\000e\000f\000e\000r\000e\000n\000c\000e}{chapter.3}% 157
\BOOKMARK [1][-]{section.3.134}{\376\377\0003\000.\0001\0003\0004\000\040\000P\000o\000l\000y\000g\000o\000n\000\040\000C\000l\000a\000s\000s\000\040\000R\000e\000f\000e\000r\000e\000n\000c\000e}{chapter.3}% 158
\BOOKMARK [1][-]{section.3.135}{\376\377\0003\000.\0001\0003\0005\000\040\000P\000o\000s\000i\000t\000i\000o\000n\000D\000i\000s\000p\000l\000a\000y\000e\000r\0002\000D\000\040\000C\000l\000a\000s\000s\000\040\000R\000e\000f\000e\000r\000e\000n\000c\000e}{chapter.3}% 159
\BOOKMARK [1][-]{section.3.136}{\376\377\0003\000.\0001\0003\0006\000\040\000P\000r\000e\000f\000s\000\040\000C\000l\000a\000s\000s\000\040\000R\000e\000f\000e\000r\000e\000n\000c\000e}{chapter.3}% 160
\BOOKMARK [1][-]{section.3.137}{\376\377\0003\000.\0001\0003\0007\000\040\000R\000C\000S\000t\000r\000i\000n\000g\000\040\000C\000l\000a\000s\000s\000\040\000R\000e\000f\000e\000r\000e\000n\000c\000e}{chapter.3}% 161
\BOOKMARK [1][-]{section.3.138}{\376\377\0003\000.\0001\0003\0008\000\040\000R\000e\000c\000o\000r\000d\000\040\000C\000l\000a\000s\000s\000\040\000R\000e\000f\000e\000r\000e\000n\000c\000e}{chapter.3}% 162
\BOOKMARK [1][-]{section.3.139}{\376\377\0003\000.\0001\0003\0009\000\040\000R\000e\000c\000t\000a\000n\000g\000l\000e\000\040\000C\000l\000a\000s\000s\000\040\000R\000e\000f\000e\000r\000e\000n\000c\000e}{chapter.3}% 163
\BOOKMARK [1][-]{section.3.140}{\376\377\0003\000.\0001\0004\0000\000\040\000R\000e\000g\000e\000x\000\040\000C\000l\000a\000s\000s\000\040\000R\000e\000f\000e\000r\000e\000n\000c\000e}{chapter.3}% 164
\BOOKMARK [1][-]{section.3.141}{\376\377\0003\000.\0001\0004\0001\000\040\000B\000l\000o\000c\000k\000M\000a\000p\000L\000o\000a\000d\000e\000r\000:\000:\000R\000e\000g\000i\000o\000n\000\040\000S\000t\000r\000u\000c\000t\000\040\000R\000e\000f\000e\000r\000e\000n\000c\000e}{chapter.3}% 165
\BOOKMARK [1][-]{section.3.142}{\376\377\0003\000.\0001\0004\0002\000\040\000B\000l\000o\000c\000k\000M\000a\000p\000L\000o\000a\000d\000e\000r\000:\000:\000R\000e\000g\000i\000o\000n\000C\000o\000n\000t\000a\000i\000n\000e\000r\000\040\000S\000t\000r\000u\000c\000t\000\040\000R\000e\000f\000e\000r\000e\000n\000c\000e}{chapter.3}% 166
\BOOKMARK [1][-]{section.3.143}{\376\377\0003\000.\0001\0004\0003\000\040\000R\000e\000n\000d\000e\000r\000e\000r\000\040\000C\000l\000a\000s\000s\000\040\000R\000e\000f\000e\000r\000e\000n\000c\000e}{chapter.3}% 167
\BOOKMARK [1][-]{section.3.144}{\376\377\0003\000.\0001\0004\0004\000\040\000R\000e\000q\000u\000e\000s\000t\000\040\000C\000l\000a\000s\000s\000\040\000R\000e\000f\000e\000r\000e\000n\000c\000e}{chapter.3}% 168
\BOOKMARK [1][-]{section.3.145}{\376\377\0003\000.\0001\0004\0005\000\040\000S\000c\000a\000l\000e\000\040\000C\000l\000a\000s\000s\000\040\000R\000e\000f\000e\000r\000e\000n\000c\000e}{chapter.3}% 169
\BOOKMARK [1][-]{section.3.146}{\376\377\0003\000.\0001\0004\0006\000\040\000S\000c\000r\000o\000l\000l\000b\000a\000r\000W\000i\000d\000g\000e\000t\000\040\000C\000l\000a\000s\000s\000\040\000R\000e\000f\000e\000r\000e\000n\000c\000e}{chapter.3}% 170
\BOOKMARK [1][-]{section.3.147}{\376\377\0003\000.\0001\0004\0007\000\040\000S\000e\000c\000t\000o\000r\000\040\000C\000l\000a\000s\000s\000\040\000R\000e\000f\000e\000r\000e\000n\000c\000e}{chapter.3}% 171
\BOOKMARK [1][-]{section.3.148}{\376\377\0003\000.\0001\0004\0008\000\040\000B\000l\000o\000c\000k\000L\000o\000a\000d\000e\000r\000:\000:\000S\000e\000c\000u\000r\000i\000t\000y\000H\000e\000a\000d\000e\000r\000V\0000\000\040\000S\000t\000r\000u\000c\000t\000\040\000R\000e\000f\000e\000r\000e\000n\000c\000e}{chapter.3}% 172
\BOOKMARK [1][-]{section.3.149}{\376\377\0003\000.\0001\0004\0009\000\040\000B\000l\000o\000c\000k\000L\000o\000a\000d\000e\000r\000:\000:\000S\000e\000c\000u\000r\000i\000t\000y\000H\000e\000a\000d\000e\000r\000V\0001\000\040\000S\000t\000r\000u\000c\000t\000\040\000R\000e\000f\000e\000r\000e\000n\000c\000e}{chapter.3}% 173
\BOOKMARK [1][-]{section.3.150}{\376\377\0003\000.\0001\0005\0000\000\040\000B\000l\000o\000c\000k\000M\000a\000p\000L\000o\000a\000d\000e\000r\000:\000:\000S\000e\000g\000m\000e\000n\000t\000\040\000S\000t\000r\000u\000c\000t\000\040\000R\000e\000f\000e\000r\000e\000n\000c\000e}{chapter.3}% 174
\BOOKMARK [1][-]{section.3.151}{\376\377\0003\000.\0001\0005\0001\000\040\000S\000e\000r\000v\000e\000r\000<\000\040\000S\000o\000c\000k\000e\000t\000I\000m\000p\000l\000,\000\040\000H\000a\000n\000d\000l\000e\000r\000I\000m\000p\000l\000\040\000>\000\040\000C\000l\000a\000s\000s\000\040\000T\000e\000m\000p\000l\000a\000t\000e\000\040\000R\000e\000f\000e\000r\000e\000n\000c\000e}{chapter.3}% 175
\BOOKMARK [1][-]{section.3.152}{\376\377\0003\000.\0001\0005\0002\000\040\000S\000e\000r\000v\000l\000e\000t\000\040\000C\000l\000a\000s\000s\000\040\000R\000e\000f\000e\000r\000e\000n\000c\000e}{chapter.3}% 176
\BOOKMARK [2][-]{subsection.3.152.1}{\376\377\0003\000.\0001\0005\0002\000.\0001\000\040\000D\000e\000t\000a\000i\000l\000e\000d\000\040\000D\000e\000s\000c\000r\000i\000p\000t\000i\000o\000n}{section.3.152}% 177
\BOOKMARK [1][-]{section.3.153}{\376\377\0003\000.\0001\0005\0003\000\040\000S\000e\000r\000v\000l\000e\000t\000M\000a\000p\000\040\000C\000l\000a\000s\000s\000\040\000R\000e\000f\000e\000r\000e\000n\000c\000e}{chapter.3}% 178
\BOOKMARK [1][-]{section.3.154}{\376\377\0003\000.\0001\0005\0004\000\040\000s\000e\000t\0001\000\040\000S\000t\000r\000u\000c\000t\000\040\000R\000e\000f\000e\000r\000e\000n\000c\000e}{chapter.3}% 179
\BOOKMARK [1][-]{section.3.155}{\376\377\0003\000.\0001\0005\0005\000\040\000s\000e\000t\0003\000\040\000S\000t\000r\000u\000c\000t\000\040\000R\000e\000f\000e\000r\000e\000n\000c\000e}{chapter.3}% 180
\BOOKMARK [1][-]{section.3.156}{\376\377\0003\000.\0001\0005\0006\000\040\000s\000e\000t\0004\000\040\000S\000t\000r\000u\000c\000t\000\040\000R\000e\000f\000e\000r\000e\000n\000c\000e}{chapter.3}% 181
\BOOKMARK [1][-]{section.3.157}{\376\377\0003\000.\0001\0005\0007\000\040\000S\000h\000a\000d\000e\000r\000\040\000C\000l\000a\000s\000s\000\040\000R\000e\000f\000e\000r\000e\000n\000c\000e}{chapter.3}% 182
\BOOKMARK [1][-]{section.3.158}{\376\377\0003\000.\0001\0005\0008\000\040\000S\000h\000a\000p\000e\000\040\000C\000l\000a\000s\000s\000\040\000R\000e\000f\000e\000r\000e\000n\000c\000e}{chapter.3}% 183
\BOOKMARK [1][-]{section.3.159}{\376\377\0003\000.\0001\0005\0009\000\040\000S\000h\000a\000p\000e\0002\000D\000\040\000C\000l\000a\000s\000s\000\040\000R\000e\000f\000e\000r\000e\000n\000c\000e}{chapter.3}% 184
\BOOKMARK [1][-]{section.3.160}{\376\377\0003\000.\0001\0006\0000\000\040\000S\000h\000a\000p\000e\000f\000i\000l\000e\000\040\000C\000l\000a\000s\000s\000\040\000R\000e\000f\000e\000r\000e\000n\000c\000e}{chapter.3}% 185
\BOOKMARK [1][-]{section.3.161}{\376\377\0003\000.\0001\0006\0001\000\040\000S\000o\000c\000k\000e\000t\000\040\000C\000l\000a\000s\000s\000\040\000R\000e\000f\000e\000r\000e\000n\000c\000e}{chapter.3}% 186
\BOOKMARK [1][-]{section.3.162}{\376\377\0003\000.\0001\0006\0002\000\040\000S\000o\000c\000k\000e\000t\000I\000O\000\040\000C\000l\000a\000s\000s\000\040\000R\000e\000f\000e\000r\000e\000n\000c\000e}{chapter.3}% 187
\BOOKMARK [1][-]{section.3.163}{\376\377\0003\000.\0001\0006\0003\000\040\000S\000p\000a\000r\000k\000l\000i\000n\000e\000W\000i\000d\000g\000e\000t\000\040\000C\000l\000a\000s\000s\000\040\000R\000e\000f\000e\000r\000e\000n\000c\000e}{chapter.3}% 188
\BOOKMARK [1][-]{section.3.164}{\376\377\0003\000.\0001\0006\0004\000\040\000S\000p\000h\000e\000r\000e\000\040\000C\000l\000a\000s\000s\000\040\000R\000e\000f\000e\000r\000e\000n\000c\000e}{chapter.3}% 189
\BOOKMARK [1][-]{section.3.165}{\376\377\0003\000.\0001\0006\0005\000\040\000S\000t\000a\000c\000k\000<\000\040\000T\000\040\000>\000\040\000C\000l\000a\000s\000s\000\040\000T\000e\000m\000p\000l\000a\000t\000e\000\040\000R\000e\000f\000e\000r\000e\000n\000c\000e}{chapter.3}% 190
\BOOKMARK [1][-]{section.3.166}{\376\377\0003\000.\0001\0006\0006\000\040\000S\000t\000a\000t\000s\0001\000D\000<\000\040\000T\000\040\000>\000\040\000C\000l\000a\000s\000s\000\040\000T\000e\000m\000p\000l\000a\000t\000e\000\040\000R\000e\000f\000e\000r\000e\000n\000c\000e}{chapter.3}% 191
\BOOKMARK [2][-]{subsection.3.166.1}{\376\377\0003\000.\0001\0006\0006\000.\0001\000\040\000C\000o\000n\000s\000t\000r\000u\000c\000t\000o\000r\000\040\000\046\000\040\000D\000e\000s\000t\000r\000u\000c\000t\000o\000r\000\040\000D\000o\000c\000u\000m\000e\000n\000t\000a\000t\000i\000o\000n}{section.3.166}% 192
\BOOKMARK [3][-]{subsubsection.3.166.1.1}{\376\377\0003\000.\0001\0006\0006\000.\0001\000.\0001\000\040\000S\000t\000a\000t\000s\0001\000D\000\050\000\051}{subsection.3.166.1}% 193
\BOOKMARK [2][-]{subsection.3.166.2}{\376\377\0003\000.\0001\0006\0006\000.\0002\000\040\000M\000e\000m\000b\000e\000r\000\040\000F\000u\000n\000c\000t\000i\000o\000n\000\040\000D\000o\000c\000u\000m\000e\000n\000t\000a\000t\000i\000o\000n}{section.3.166}% 194
\BOOKMARK [3][-]{subsubsection.3.166.2.1}{\376\377\0003\000.\0001\0006\0006\000.\0002\000.\0001\000\040\000g\000e\000t\000I\000Q\000R\000\050\000\051}{subsection.3.166.2}% 195
\BOOKMARK [3][-]{subsubsection.3.166.2.2}{\376\377\0003\000.\0001\0006\0006\000.\0002\000.\0002\000\040\000g\000e\000t\000M\000e\000a\000n\000\050\000\051}{subsection.3.166.2}% 196
\BOOKMARK [3][-]{subsubsection.3.166.2.3}{\376\377\0003\000.\0001\0006\0006\000.\0002\000.\0003\000\040\000g\000e\000t\000M\000o\000d\000e\000s\000\050\000\051}{subsection.3.166.2}% 197
\BOOKMARK [3][-]{subsubsection.3.166.2.4}{\376\377\0003\000.\0001\0006\0006\000.\0002\000.\0004\000\040\000g\000e\000t\000Q\000u\000a\000n\000t\000i\000l\000e\000\050\000\051}{subsection.3.166.2}% 198
\BOOKMARK [3][-]{subsubsection.3.166.2.5}{\376\377\0003\000.\0001\0006\0006\000.\0002\000.\0005\000\040\000g\000e\000t\000S\000t\000d\000D\000e\000v\000\050\000\051}{subsection.3.166.2}% 199
\BOOKMARK [3][-]{subsubsection.3.166.2.6}{\376\377\0003\000.\0001\0006\0006\000.\0002\000.\0006\000\040\000g\000e\000t\000S\000u\000m\000m\000a\000r\000y\000\050\000\051}{subsection.3.166.2}% 200
\BOOKMARK [3][-]{subsubsection.3.166.2.7}{\376\377\0003\000.\0001\0006\0006\000.\0002\000.\0007\000\040\000g\000e\000t\000V\000a\000r\000i\000a\000n\000c\000e\000\050\000\051}{subsection.3.166.2}% 201
\BOOKMARK [3][-]{subsubsection.3.166.2.8}{\376\377\0003\000.\0001\0006\0006\000.\0002\000.\0008\000\040\000u\000p\000d\000a\000t\000e\000A\000r\000r\000a\000y\000\050\000\051}{subsection.3.166.2}% 202
\BOOKMARK [1][-]{section.3.167}{\376\377\0003\000.\0001\0006\0007\000\040\000S\000t\000r\000i\000n\000g\0001\0006\000\040\000C\000l\000a\000s\000s\000\040\000R\000e\000f\000e\000r\000e\000n\000c\000e}{chapter.3}% 203
\BOOKMARK [1][-]{section.3.168}{\376\377\0003\000.\0001\0006\0008\000\040\000S\000t\000r\000i\000n\000g\0003\0002\000\040\000C\000l\000a\000s\000s\000\040\000R\000e\000f\000e\000r\000e\000n\000c\000e}{chapter.3}% 204
\BOOKMARK [1][-]{section.3.169}{\376\377\0003\000.\0001\0006\0009\000\040\000S\000t\000r\000i\000n\000g\0006\0004\000\040\000C\000l\000a\000s\000s\000\040\000R\000e\000f\000e\000r\000e\000n\000c\000e}{chapter.3}% 205
\BOOKMARK [1][-]{section.3.170}{\376\377\0003\000.\0001\0007\0000\000\040\000S\000t\000r\000i\000n\000g\0008\000\040\000C\000l\000a\000s\000s\000\040\000R\000e\000f\000e\000r\000e\000n\000c\000e}{chapter.3}% 206
\BOOKMARK [1][-]{section.3.171}{\376\377\0003\000.\0001\0007\0001\000\040\000S\000t\000r\000u\000c\000t\000\040\000C\000l\000a\000s\000s\000\040\000R\000e\000f\000e\000r\000e\000n\000c\000e}{chapter.3}% 207
\BOOKMARK [1][-]{section.3.172}{\376\377\0003\000.\0001\0007\0002\000\040\000S\000t\000u\000d\000e\000n\000t\000\040\000C\000l\000a\000s\000s\000\040\000R\000e\000f\000e\000r\000e\000n\000c\000e}{chapter.3}% 208
\BOOKMARK [1][-]{section.3.173}{\376\377\0003\000.\0001\0007\0003\000\040\000S\000t\000y\000l\000e\000\040\000C\000l\000a\000s\000s\000\040\000R\000e\000f\000e\000r\000e\000n\000c\000e}{chapter.3}% 209
\BOOKMARK [1][-]{section.3.174}{\376\377\0003\000.\0001\0007\0004\000\040\000S\000t\000y\000l\000e\000d\000M\000u\000l\000t\000i\000S\000h\000a\000p\000e\0002\000D\000\040\000C\000l\000a\000s\000s\000\040\000R\000e\000f\000e\000r\000e\000n\000c\000e}{chapter.3}% 210
\BOOKMARK [1][-]{section.3.175}{\376\377\0003\000.\0001\0007\0005\000\040\000S\000t\000a\000t\000s\0001\000D\000<\000\040\000T\000\040\000>\000:\000:\000S\000u\000m\000m\000a\000r\000y\000\040\000S\000t\000r\000u\000c\000t\000\040\000R\000e\000f\000e\000r\000e\000n\000c\000e}{chapter.3}% 211
\BOOKMARK [1][-]{section.3.176}{\376\377\0003\000.\0001\0007\0006\000\040\000S\000u\000p\000e\000r\000W\000i\000d\000g\000e\000t\0002\000D\000\040\000C\000l\000a\000s\000s\000\040\000R\000e\000f\000e\000r\000e\000n\000c\000e}{chapter.3}% 212
\BOOKMARK [1][-]{section.3.177}{\376\377\0003\000.\0001\0007\0007\000\040\000S\000y\000m\000b\000o\000l\000\040\000C\000l\000a\000s\000s\000\040\000R\000e\000f\000e\000r\000e\000n\000c\000e}{chapter.3}% 213
\BOOKMARK [1][-]{section.3.178}{\376\377\0003\000.\0001\0007\0008\000\040\000S\000y\000m\000b\000o\000l\000T\000a\000b\000l\000e\000\040\000C\000l\000a\000s\000s\000\040\000R\000e\000f\000e\000r\000e\000n\000c\000e}{chapter.3}% 214
\BOOKMARK [1][-]{section.3.179}{\376\377\0003\000.\0001\0007\0009\000\040\000T\000a\000b\000\040\000C\000l\000a\000s\000s\000\040\000R\000e\000f\000e\000r\000e\000n\000c\000e}{chapter.3}% 215
\BOOKMARK [1][-]{section.3.180}{\376\377\0003\000.\0001\0008\0000\000\040\000T\000e\000s\000t\000H\000t\000t\000p\000S\000e\000r\000v\000l\000e\000t\000\040\000C\000l\000a\000s\000s\000\040\000R\000e\000f\000e\000r\000e\000n\000c\000e}{chapter.3}% 216
\BOOKMARK [1][-]{section.3.181}{\376\377\0003\000.\0001\0008\0001\000\040\000T\000e\000s\000t\000R\000e\000c\000o\000r\000d\000\040\000C\000l\000a\000s\000s\000\040\000R\000e\000f\000e\000r\000e\000n\000c\000e}{chapter.3}% 217
\BOOKMARK [1][-]{section.3.182}{\376\377\0003\000.\0001\0008\0002\000\040\000T\000e\000x\000t\000\040\000C\000l\000a\000s\000s\000\040\000R\000e\000f\000e\000r\000e\000n\000c\000e}{chapter.3}% 218
\BOOKMARK [1][-]{section.3.183}{\376\377\0003\000.\0001\0008\0003\000\040\000T\000e\000x\000t\000A\000x\000i\000s\000W\000i\000d\000g\000e\000t\000\040\000C\000l\000a\000s\000s\000\040\000R\000e\000f\000e\000r\000e\000n\000c\000e}{chapter.3}% 219
\BOOKMARK [1][-]{section.3.184}{\376\377\0003\000.\0001\0008\0004\000\040\000T\000e\000x\000t\000u\000r\000e\000A\000r\000r\000a\000y\000\040\000C\000l\000a\000s\000s\000\040\000R\000e\000f\000e\000r\000e\000n\000c\000e}{chapter.3}% 220
\BOOKMARK [1][-]{section.3.185}{\376\377\0003\000.\0001\0008\0005\000\040\000T\000i\000m\000e\000s\000t\000a\000m\000p\000\040\000C\000l\000a\000s\000s\000\040\000R\000e\000f\000e\000r\000e\000n\000c\000e}{chapter.3}% 221
\BOOKMARK [1][-]{section.3.186}{\376\377\0003\000.\0001\0008\0006\000\040\000T\000r\000a\000n\000s\000f\000o\000r\000m\000a\000t\000i\000o\000n\000\040\000C\000l\000a\000s\000s\000\040\000R\000e\000f\000e\000r\000e\000n\000c\000e}{chapter.3}% 222
\BOOKMARK [1][-]{section.3.187}{\376\377\0003\000.\0001\0008\0007\000\040\000T\000y\000p\000e\000D\000e\000f\000\040\000C\000l\000a\000s\000s\000\040\000R\000e\000f\000e\000r\000e\000n\000c\000e}{chapter.3}% 223
\BOOKMARK [1][-]{section.3.188}{\376\377\0003\000.\0001\0008\0008\000\040\000U\0001\0002\0008\000\040\000C\000l\000a\000s\000s\000\040\000R\000e\000f\000e\000r\000e\000n\000c\000e}{chapter.3}% 224
\BOOKMARK [1][-]{section.3.189}{\376\377\0003\000.\0001\0008\0009\000\040\000U\0001\0006\000\040\000C\000l\000a\000s\000s\000\040\000R\000e\000f\000e\000r\000e\000n\000c\000e}{chapter.3}% 225
\BOOKMARK [1][-]{section.3.190}{\376\377\0003\000.\0001\0009\0000\000\040\000U\0002\0004\000\040\000C\000l\000a\000s\000s\000\040\000R\000e\000f\000e\000r\000e\000n\000c\000e}{chapter.3}% 226
\BOOKMARK [1][-]{section.3.191}{\376\377\0003\000.\0001\0009\0001\000\040\000U\0002\0005\0006\000\040\000C\000l\000a\000s\000s\000\040\000R\000e\000f\000e\000r\000e\000n\000c\000e}{chapter.3}% 227
\BOOKMARK [1][-]{section.3.192}{\376\377\0003\000.\0001\0009\0002\000\040\000U\0003\0002\000\040\000C\000l\000a\000s\000s\000\040\000R\000e\000f\000e\000r\000e\000n\000c\000e}{chapter.3}% 228
\BOOKMARK [1][-]{section.3.193}{\376\377\0003\000.\0001\0009\0003\000\040\000U\0003\0002\000R\000e\000n\000d\000e\000r\000e\000r\000\040\000C\000l\000a\000s\000s\000\040\000R\000e\000f\000e\000r\000e\000n\000c\000e}{chapter.3}% 229
\BOOKMARK [1][-]{section.3.194}{\376\377\0003\000.\0001\0009\0004\000\040\000U\0006\0004\000\040\000C\000l\000a\000s\000s\000\040\000R\000e\000f\000e\000r\000e\000n\000c\000e}{chapter.3}% 230
\BOOKMARK [1][-]{section.3.195}{\376\377\0003\000.\0001\0009\0005\000\040\000U\0006\0004\000R\000e\000n\000d\000e\000r\000e\000r\000\040\000C\000l\000a\000s\000s\000\040\000R\000e\000f\000e\000r\000e\000n\000c\000e}{chapter.3}% 231
\BOOKMARK [1][-]{section.3.196}{\376\377\0003\000.\0001\0009\0006\000\040\000U\0008\000\040\000C\000l\000a\000s\000s\000\040\000R\000e\000f\000e\000r\000e\000n\000c\000e}{chapter.3}% 232
\BOOKMARK [1][-]{section.3.197}{\376\377\0003\000.\0001\0009\0007\000\040\000U\000D\000P\000V\0004\000S\000o\000c\000k\000e\000t\000\040\000C\000l\000a\000s\000s\000\040\000R\000e\000f\000e\000r\000e\000n\000c\000e}{chapter.3}% 233
\BOOKMARK [1][-]{section.3.198}{\376\377\0003\000.\0001\0009\0008\000\040\000U\000s\000e\000r\000\040\000C\000l\000a\000s\000s\000\040\000R\000e\000f\000e\000r\000e\000n\000c\000e}{chapter.3}% 234
\BOOKMARK [1][-]{section.3.199}{\376\377\0003\000.\0001\0009\0009\000\040\000U\000s\000e\000r\000I\000d\000\040\000C\000l\000a\000s\000s\000\040\000R\000e\000f\000e\000r\000e\000n\000c\000e}{chapter.3}% 235
\BOOKMARK [1][-]{section.3.200}{\376\377\0003\000.\0002\0000\0000\000\040\000V\000e\000c\0003\000d\000\040\000C\000l\000a\000s\000s\000\040\000R\000e\000f\000e\000r\000e\000n\000c\000e}{chapter.3}% 236
\BOOKMARK [1][-]{section.3.201}{\376\377\0003\000.\0002\0000\0001\000\040\000C\000S\000R\000G\000r\000a\000p\000h\000<\000\040\000V\000e\000r\000t\000e\000x\000I\000n\000d\000e\000x\000\137\000t\000,\000\040\000E\000d\000g\000e\000I\000n\000d\000e\000x\000\137\000t\000,\000\040\000W\000e\000i\000g\000h\000t\000\137\000t\000\040\000>\000:\000:\000V\000e\000r\000t\000e\000x\000C\000o\000u\000n\000t\000\040\000S\000t\000r\000u\000c\000t\000\040\000R\000e\000f\000e\000r\000e\000n\000c\000e}{chapter.3}% 237
\BOOKMARK [1][-]{section.3.202}{\376\377\0003\000.\0002\0000\0002\000\040\000V\000e\000r\000t\000i\000c\000a\000l\000L\000i\000s\000t\000R\000e\000n\000d\000e\000r\000e\000r\000\040\000C\000l\000a\000s\000s\000\040\000R\000e\000f\000e\000r\000e\000n\000c\000e}{chapter.3}% 238
\BOOKMARK [1][-]{section.3.203}{\376\377\0003\000.\0002\0000\0003\000\040\000V\000i\000d\000e\000o\000P\000l\000a\000y\000e\000r\000\040\000C\000l\000a\000s\000s\000\040\000R\000e\000f\000e\000r\000e\000n\000c\000e}{chapter.3}% 239
\BOOKMARK [1][-]{section.3.204}{\376\377\0003\000.\0002\0000\0004\000\040\000W\000e\000b\000C\000u\000r\000s\000o\000r\000\040\000C\000l\000a\000s\000s\000\040\000R\000e\000f\000e\000r\000e\000n\000c\000e}{chapter.3}% 240
\BOOKMARK [1][-]{section.3.205}{\376\377\0003\000.\0002\0000\0005\000\040\000W\000e\000b\000D\000r\000a\000w\000\040\000C\000l\000a\000s\000s\000\040\000R\000e\000f\000e\000r\000e\000n\000c\000e}{chapter.3}% 241
\BOOKMARK [1][-]{section.3.206}{\376\377\0003\000.\0002\0000\0006\000\040\000W\000i\000d\000g\000e\000t\0002\000D\000\040\000C\000l\000a\000s\000s\000\040\000R\000e\000f\000e\000r\000e\000n\000c\000e}{chapter.3}% 242
\BOOKMARK [1][-]{section.3.207}{\376\377\0003\000.\0002\0000\0007\000\040\000X\0001\0001\000U\000t\000i\000l\000\040\000C\000l\000a\000s\000s\000\040\000R\000e\000f\000e\000r\000e\000n\000c\000e}{chapter.3}% 243
\BOOKMARK [1][-]{section.3.208}{\376\377\0003\000.\0002\0000\0008\000\040\000X\000D\000L\000C\000o\000m\000p\000i\000l\000e\000r\000\040\000C\000l\000a\000s\000s\000\040\000R\000e\000f\000e\000r\000e\000n\000c\000e}{chapter.3}% 244
\BOOKMARK [1][-]{section.3.209}{\376\377\0003\000.\0002\0000\0009\000\040\000X\000D\000L\000I\000t\000e\000r\000a\000t\000o\000r\000\040\000C\000l\000a\000s\000s\000\040\000R\000e\000f\000e\000r\000e\000n\000c\000e}{chapter.3}% 245
\BOOKMARK [1][-]{section.3.210}{\376\377\0003\000.\0002\0001\0000\000\040\000X\000D\000L\000R\000a\000w\000\040\000C\000l\000a\000s\000s\000\040\000R\000e\000f\000e\000r\000e\000n\000c\000e}{chapter.3}% 246
\BOOKMARK [1][-]{section.3.211}{\376\377\0003\000.\0002\0001\0001\000\040\000X\000D\000L\000R\000e\000q\000u\000e\000s\000t\000\040\000C\000l\000a\000s\000s\000\040\000R\000e\000f\000e\000r\000e\000n\000c\000e}{chapter.3}% 247
\BOOKMARK [1][-]{section.3.212}{\376\377\0003\000.\0002\0001\0002\000\040\000X\000D\000L\000T\000y\000p\000e\000\040\000C\000l\000a\000s\000s\000\040\000R\000e\000f\000e\000r\000e\000n\000c\000e}{chapter.3}% 248
\BOOKMARK [0][-]{section*.554}{\376\377\000I\000n\000d\000e\000x}{}% 249
